<?xml version="1.0" encoding="UTF-8"?>
<coverage generated="1763357142985" clover="3.2.0">
  <project timestamp="1763357142985" name="All files">
    <metrics statements="23" coveredstatements="20" conditionals="16" coveredconditionals="13" methods="6" coveredmethods="5" elements="45" coveredelements="38" complexity="0" loc="23" ncloc="23" packages="1" files="1" classes="1"/>
    <file name="app.js" path="C:\Users\Siyam\Downloads\fullstackcicd\backend\app.js">
      <metrics statements="23" coveredstatements="20" conditionals="16" coveredconditionals="13" methods="6" coveredmethods="5"/>
      <line num="1" count="1" type="stmt"/>
      <line num="2" count="1" type="stmt"/>
      <line num="3" count="1" type="stmt"/>
      <line num="4" count="1" type="cond" truecount="2" falsecount="0"/>
      <line num="6" count="1" type="stmt"/>
      <line num="16" count="1" type="stmt"/>
      <line num="18" count="1" type="stmt"/>
      <line num="20" count="1" type="stmt"/>
      <line num="21" count="1" type="cond" truecount="1" falsecount="1"/>
      <line num="22" count="1" type="stmt"/>
      <line num="23" count="1" type="stmt"/>
      <line num="25" count="0" type="stmt"/>
      <line num="29" count="1" type="stmt"/>
      <line num="32" count="1" type="stmt"/>
      <line num="34" count="1" type="stmt"/>
      <line num="36" count="1" type="stmt"/>
      <line num="37" count="1" type="cond" truecount="1" falsecount="1"/>
      <line num="38" count="0" type="stmt"/>
      <line num="42" count="1" type="stmt"/>
      <line num="43" count="1" type="stmt"/>
      <line num="47" count="1" type="stmt"/>
      <line num="49" count="1" type="cond" truecount="1" falsecount="1"/>
      <line num="50" count="0" type="stmt"/>
    </file>
  </project>
</coverage>
