<?xml version="1.0" encoding="UTF-8"?>
<coverage generated="1763272164458" clover="3.2.0">
  <project timestamp="1763272164458" name="All files">
    <metrics statements="19" coveredstatements="14" conditionals="16" coveredconditionals="12" methods="5" coveredmethods="3" elements="40" coveredelements="29" complexity="0" loc="19" ncloc="19" packages="1" files="1" classes="1"/>
    <file name="app.js" path="C:\Users\Siyam\Downloads\fullstackcicd\backend\app.js">
      <metrics statements="19" coveredstatements="14" conditionals="16" coveredconditionals="12" methods="5" coveredmethods="3"/>
      <line num="1" count="1" type="stmt"/>
      <line num="2" count="1" type="stmt"/>
      <line num="3" count="1" type="stmt"/>
      <line num="4" count="1" type="cond" truecount="2" falsecount="0"/>
      <line num="6" count="1" type="stmt"/>
      <line num="15" count="1" type="stmt"/>
      <line num="16" count="1" type="stmt"/>
      <line num="17" count="0" type="cond" truecount="0" falsecount="2"/>
      <line num="18" count="0" type="stmt"/>
      <line num="20" count="0" type="stmt"/>
      <line num="24" count="1" type="stmt"/>
      <line num="26" count="1" type="stmt"/>
      <line num="27" count="1" type="cond" truecount="1" falsecount="1"/>
      <line num="28" count="0" type="stmt"/>
      <line num="32" count="1" type="stmt"/>
      <line num="33" count="1" type="stmt"/>
      <line num="37" count="1" type="stmt"/>
      <line num="39" count="1" type="cond" truecount="1" falsecount="1"/>
      <line num="40" count="0" type="stmt"/>
    </file>
  </project>
</coverage>
