TN:
SF:app.js
FN:15,connectWithRetry
FN:20,(anonymous_1)
FN:34,(anonymous_2)
FN:36,(anonymous_3)
FN:42,(anonymous_4)
FN:50,(anonymous_5)
FNF:6
FNH:5
FNDA:1,connectWithRetry
FNDA:1,(anonymous_1)
FNDA:1,(anonymous_2)
FNDA:1,(anonymous_3)
FNDA:1,(anonymous_4)
FNDA:0,(anonymous_5)
DA:1,1
DA:2,1
DA:3,1
DA:4,1
DA:6,1
DA:16,1
DA:18,1
DA:20,1
DA:21,1
DA:22,1
DA:23,1
DA:25,0
DA:29,1
DA:32,1
DA:34,1
DA:36,1
DA:37,1
DA:38,0
DA:42,1
DA:43,1
DA:47,1
DA:49,1
DA:50,0
LF:23
LH:20
BRDA:4,0,0,1
BRDA:4,0,1,1
BRDA:7,1,0,1
BRDA:7,1,1,1
BRDA:8,2,0,1
BRDA:8,2,1,1
BRDA:9,3,0,1
BRDA:9,3,1,1
BRDA:10,4,0,1
BRDA:10,4,1,1
BRDA:21,5,0,1
BRDA:21,5,1,0
BRDA:37,6,0,1
BRDA:37,6,1,0
BRDA:49,7,0,0
BRDA:49,7,1,1
BRF:16
BRH:13
end_of_record
