TN:
SF:app.js
FN:16,(anonymous_0)
FN:24,(anonymous_1)
FN:26,(anonymous_2)
FN:32,(anonymous_3)
FN:40,(anonymous_4)
FNF:5
FNH:3
FNDA:0,(anonymous_0)
FNDA:1,(anonymous_1)
FNDA:1,(anonymous_2)
FNDA:1,(anonymous_3)
FNDA:0,(anonymous_4)
DA:1,1
DA:2,1
DA:3,1
DA:4,1
DA:6,1
DA:15,1
DA:16,1
DA:17,0
DA:18,0
DA:20,0
DA:24,1
DA:26,1
DA:27,1
DA:28,0
DA:32,1
DA:33,1
DA:37,1
DA:39,1
DA:40,0
LF:19
LH:14
BRDA:4,0,0,1
BRDA:4,0,1,1
BRDA:7,1,0,1
BRDA:7,1,1,1
BRDA:8,2,0,1
BRDA:8,2,1,1
BRDA:9,3,0,1
BRDA:9,3,1,1
BRDA:10,4,0,1
BRDA:10,4,1,1
BRDA:17,5,0,0
BRDA:17,5,1,0
BRDA:27,6,0,1
BRDA:27,6,1,0
BRDA:39,7,0,0
BRDA:39,7,1,1
BRF:16
BRH:12
end_of_record
